<?xml version="1.0" encoding="UTF-8"?>
<!-- Generated by org.testng.reporters.JUnitXMLReporter -->
<testsuite hostname="GARIMA7LT" name="Regression Test_MI_EPP_PRA" tests="8" failures="0" timestamp="23 Jun 2017 20:18:40 GMT" time="246.531" errors="0">
  <testcase name="_1_dateadmin_login" time="14.445" classname="michigan_regression.Create_EPP"/>
  <testcase name="_2_vaigate_to_eCashURL" time="28.327" classname="michigan_regression.Create_EPP"/>
  <testcase name="_3_tellerlogin" time="10.833" classname="michigan_regression.Create_EPP"/>
  <testcase name="_4_newcustomer_Creation" time="127.207" classname="michigan_regression.Create_EPP"/>
  <testcase name="_5_EPP_BEFORE_ON_AFTER_OriDate" time="47.397" classname="michigan_regression.Create_EPP"/>
  <testcase name="_6_businessdatebacktoOriginal" time="7.757" classname="michigan_regression.Create_EPP"/>
  <testcase name="logout_admin" time="6.055" classname="michigan_regression.Create_EPP"/>
  <testcase name="logout_store" time="4.506" classname="michigan_regression.Create_EPP"/>
</testsuite> <!-- Regression Test_MI_EPP_PRA -->
