<?xml version="1.0" encoding="UTF-8"?>
<!-- Generated by org.testng.reporters.JUnitXMLReporter -->
<testsuite hostname="GARIMA7LT" name="Regression Test_VA_LOC_Part2" tests="70" failures="0" timestamp="16 Jun 2017 18:10:41 GMT" time="1624.178" errors="0">
  <testcase name="_1_navigate_to_eCashURL" time="13.596" classname="virginia_regression._7_Verify_RPDueDate_within10days_OriginationDate"/>
  <testcase name="_2_teller_login" time="23.437" classname="virginia_regression._7_Verify_RPDueDate_within10days_OriginationDate"/>
  <testcase name="_3_businessdatechange" time="10.853" classname="virginia_regression._7_Verify_RPDueDate_within10days_OriginationDate"/>
  <testcase name="_4_newLOCs_Creation" time="131.863" classname="virginia_regression._7_Verify_RPDueDate_within10days_OriginationDate"/>
  <testcase name="_5_rapidpay_duedate_BEFORE_10days_of_loanOrigination" time="7.34" classname="virginia_regression._7_Verify_RPDueDate_within10days_OriginationDate"/>
  <testcase name="_6_rapidpay_duedate_ON_10days_of_loanOrigination" time="7.317" classname="virginia_regression._7_Verify_RPDueDate_within10days_OriginationDate"/>
  <testcase name="_7_rapidpay_WITHIN_10days_of_loanOrigination" time="7.561" classname="virginia_regression._7_Verify_RPDueDate_within10days_OriginationDate"/>
  <testcase name="_8_log_out" time="3.488" classname="virginia_regression._7_Verify_RPDueDate_within10days_OriginationDate"/>
  <testcase name="_9_businessdatebacktoOriginal" time="20.187" classname="virginia_regression._7_Verify_RPDueDate_within10days_OriginationDate"/>
  <testcase name="_1_admin_login" time="16.074" classname="virginia_regression._8_Verify_CreditLineIncreaseButton_disabled_LateCustomers"/>
  <testcase name="_2_navigate_to_eCashURL" time="36.724" classname="virginia_regression._8_Verify_CreditLineIncreaseButton_disabled_LateCustomers"/>
  <testcase name="_3_teller_login" time="9.863" classname="virginia_regression._8_Verify_CreditLineIncreaseButton_disabled_LateCustomers"/>
  <testcase name="_4_new_LOC_Creation" time="15.524" classname="virginia_regression._8_Verify_CreditLineIncreaseButton_disabled_LateCustomers"/>
  <testcase name="_5_business_date_rolledforwrdto26days" time="3.982" classname="virginia_regression._8_Verify_CreditLineIncreaseButton_disabled_LateCustomers"/>
  <testcase name="_6_IncreaseCreditLimit_26days" time="6.04" classname="virginia_regression._8_Verify_CreditLineIncreaseButton_disabled_LateCustomers"/>
  <testcase name="_7_business_date_rolledforwrdto25days" time="3.428" classname="virginia_regression._8_Verify_CreditLineIncreaseButton_disabled_LateCustomers"/>
  <testcase name="_8_increaseCreditLimit_25days" time="4.708" classname="virginia_regression._8_Verify_CreditLineIncreaseButton_disabled_LateCustomers"/>
  <testcase name="_9_void_loan_" time="9.345" classname="virginia_regression._8_Verify_CreditLineIncreaseButton_disabled_LateCustomers"/>
  <testcase name="_10_business_date_backtoorginal" time="6.767" classname="virginia_regression._8_Verify_CreditLineIncreaseButton_disabled_LateCustomers"/>
  <testcase name="_11_log_out_admin" time="5.8" classname="virginia_regression._8_Verify_CreditLineIncreaseButton_disabled_LateCustomers"/>
  <testcase name="_12_log_out_teller" time="4.508" classname="virginia_regression._8_Verify_CreditLineIncreaseButton_disabled_LateCustomers"/>
  <testcase name="_1_businessdatechange" time="13.495" classname="virginia_regression._9_Verify_RP_Contractual_LateStatus"/>
  <testcase name="_2_navigate_to_eCashURL" time="6.539" classname="virginia_regression._9_Verify_RP_Contractual_LateStatus"/>
  <testcase name="_3_storelogin" time="25.399" classname="virginia_regression._9_Verify_RP_Contractual_LateStatus"/>
  <testcase name="_4_newLOC_creation" time="18.195" classname="virginia_regression._9_Verify_RP_Contractual_LateStatus"/>
  <testcase name="_5_busineesdate_et_rapidpayduedate" time="7.775" classname="virginia_regression._9_Verify_RP_Contractual_LateStatus"/>
  <testcase name="_6_busineesdate_gt_rapidpayduedate" time="7.715" classname="virginia_regression._9_Verify_RP_Contractual_LateStatus"/>
  <testcase name="_7_businessdate_et_contractualduedate" time="6.283" classname="virginia_regression._9_Verify_RP_Contractual_LateStatus"/>
  <testcase name="_8_busineesdate_gt_contractualduedate" time="5.65" classname="virginia_regression._9_Verify_RP_Contractual_LateStatus"/>
  <testcase name="_9_admin_logout" time="14.451" classname="virginia_regression._9_Verify_RP_Contractual_LateStatus"/>
  <testcase name="_10_void_loan" time="3.883" classname="virginia_regression._9_Verify_RP_Contractual_LateStatus"/>
  <testcase name="_11_teller_logout" time="5.141" classname="virginia_regression._9_Verify_RP_Contractual_LateStatus"/>
  <testcase name="_1_navigate_to_eCashURL" time="7.33" classname="virginia_regression._10_Verify_Promise_Kept"/>
  <testcase name="_2_teller_login" time="9.615" classname="virginia_regression._10_Verify_Promise_Kept"/>
  <testcase name="_3_businessdatechange" time="13.843" classname="virginia_regression._10_Verify_Promise_Kept"/>
  <testcase name="_4_LOC_Creation" time="35.115" classname="virginia_regression._10_Verify_Promise_Kept"/>
  <testcase name="_5_businssdate_rolledforward_beyond_duedate" time="3.783" classname="virginia_regression._10_Verify_Promise_Kept"/>
  <testcase name="_6_homescreen_before_appointment_creation" time="7.77" classname="virginia_regression._10_Verify_Promise_Kept"/>
  <testcase name="_7_appointment_creation" time="12.099" classname="virginia_regression._10_Verify_Promise_Kept"/>
  <testcase name="_8_homeScreen_on_appointment_creationdt" time="4.086" classname="virginia_regression._10_Verify_Promise_Kept"/>
  <testcase name="_9_homeScreen_3days_priortoappointment_creationdt" time="7.909" classname="virginia_regression._10_Verify_Promise_Kept"/>
  <testcase name="_10_homescreen_2days_priortoapptdt" time="7.457" classname="virginia_regression._10_Verify_Promise_Kept"/>
  <testcase name="_11_homescreen_on_apptdtbeforepayment" time="27.43" classname="virginia_regression._10_Verify_Promise_Kept"/>
  <testcase name="_12_homescreen_on_apptdtpostpayment" time="3.702" classname="virginia_regression._10_Verify_Promise_Kept"/>
  <testcase name="_13_businessdatebacktoOriginal" time="7.714" classname="virginia_regression._10_Verify_Promise_Kept"/>
  <testcase name="_14_log_out_teller" time="2.804" classname="virginia_regression._10_Verify_Promise_Kept"/>
  <testcase name="_1_navigate_to_eCashURL" time="29.748" classname="virginia_regression._11_Verify_Promise_NotKept"/>
  <testcase name="_2_teller_login" time="9.91" classname="virginia_regression._11_Verify_Promise_NotKept"/>
  <testcase name="_3_businessdatechange" time="13.647" classname="virginia_regression._11_Verify_Promise_NotKept"/>
  <testcase name="_4_LOC_Creation" time="37.706" classname="virginia_regression._11_Verify_Promise_NotKept"/>
  <testcase name="_5_businssdate_rolledforward_beyond_duedate" time="3.802" classname="virginia_regression._11_Verify_Promise_NotKept"/>
  <testcase name="_6_homescreen_before_appointment_creation" time="18.105" classname="virginia_regression._11_Verify_Promise_NotKept"/>
  <testcase name="_7_appointment_creation" time="11.553" classname="virginia_regression._11_Verify_Promise_NotKept"/>
  <testcase name="_8_homeScreen_on_appointment_creationdt" time="4.184" classname="virginia_regression._11_Verify_Promise_NotKept"/>
  <testcase name="_9_homeScreen_3days_priortoappointment_creationdt" time="5.653" classname="virginia_regression._11_Verify_Promise_NotKept"/>
  <testcase name="_10_homescreen_2days_priortoapptdt" time="5.829" classname="virginia_regression._11_Verify_Promise_NotKept"/>
  <testcase name="_11_homescreen_beyondapptdt" time="16.231" classname="virginia_regression._11_Verify_Promise_NotKept"/>
  <testcase name="_12_businessdatebacktoOriginal" time="13.508" classname="virginia_regression._11_Verify_Promise_NotKept"/>
  <testcase name="_13_log_out_teller" time="3.105" classname="virginia_regression._11_Verify_Promise_NotKept"/>
  <testcase name="_1_navigate_to_eCashURL" time="7.442" classname="virginia_regression._12_Verify_updated_RP_PAmt"/>
  <testcase name="_2_teller_login" time="10.005" classname="virginia_regression._12_Verify_updated_RP_PAmt"/>
  <testcase name="_3_newcustomer_Creation" time="25.554" classname="virginia_regression._12_Verify_updated_RP_PAmt"/>
  <testcase name="_4_LOC_creation" time="10.054" classname="virginia_regression._12_Verify_updated_RP_PAmt"/>
  <testcase name="_5_RapidPayment" time="388.688" classname="virginia_regression._12_Verify_updated_RP_PAmt"/>
  <testcase name="_6_teller_logout" time="3.795" classname="virginia_regression._12_Verify_updated_RP_PAmt"/>
  <testcase name="_1_navigate_to_eCashURL" time="7.994" classname="virginia_regression._13_Verify_AvlbCredit_UpdateRP"/>
  <testcase name="_2_teller_login" time="25.069" classname="virginia_regression._13_Verify_AvlbCredit_UpdateRP"/>
  <testcase name="_3_newcustomer_Creation" time="21.007" classname="virginia_regression._13_Verify_AvlbCredit_UpdateRP"/>
  <testcase name="_4_UpdateRapidPay_AvlbCdt_100to5000" time="332.879" classname="virginia_regression._13_Verify_AvlbCredit_UpdateRP"/>
  <testcase name="_5_teller_logout" time="5.054" classname="virginia_regression._13_Verify_AvlbCredit_UpdateRP"/>
</testsuite> <!-- Regression Test_VA_LOC_Part2 -->
