<?xml version="1.0" encoding="UTF-8"?>
<!-- Generated by org.testng.reporters.JUnitXMLReporter -->
<testsuite hostname="GARIMA7LT" name="Regression Test_AML/CTR" tests="20" failures="0" timestamp="26 May 2017 13:28:31 GMT" time="522.586" errors="0">
  <testcase name="_1_navigate_to_eCashURL" time="7.061" classname="aml_regression._1_AML_BusinessReports"/>
  <testcase name="_2_store_login" time="10.82" classname="aml_regression._1_AML_BusinessReports"/>
  <testcase name="_5_ReportsValidation" time="38.231" classname="aml_regression._1_AML_BusinessReports"/>
  <testcase name="_1_navigate_to_eCashURL" time="6.396" classname="aml_regression._1_AML_NonBusinessReports"/>
  <testcase name="_2_store_login" time="10.481" classname="aml_regression._1_AML_NonBusinessReports"/>
  <testcase name="_3_ReportsValidation" time="38.736" classname="aml_regression._1_AML_NonBusinessReports"/>
  <testcase name="_1_navigate_to_eCashURL" time="6.328" classname="aml_regression._2_CTR_BusinessReports"/>
  <testcase name="_2_store_login" time="10.547" classname="aml_regression._2_CTR_BusinessReports"/>
  <testcase name="_3_CTR_ReportsValidation" time="170.57" classname="aml_regression._2_CTR_BusinessReports"/>
  <testcase name="_1_navigate_to_eCashURL" time="18.039" classname="aml_regression._2_CTR_NonBusinessReports"/>
  <testcase name="_2_store_login" time="10.597" classname="aml_regression._2_CTR_NonBusinessReports"/>
  <testcase name="_3_ReportsValidation" time="24.64" classname="aml_regression._2_CTR_NonBusinessReports"/>
  <testcase name="_1_navigate_to_eCashURL" time="9.201" classname="aml_regression._3_AML_CTR_BusinessReports"/>
  <testcase name="_2_store_login" time="10.408" classname="aml_regression._3_AML_CTR_BusinessReports"/>
  <testcase name="_3_AML_ReportsValidation" time="42.365" classname="aml_regression._3_AML_CTR_BusinessReports"/>
  <testcase name="_4_CTR_ReportsValidation" time="38.782" classname="aml_regression._3_AML_CTR_BusinessReports"/>
  <testcase name="_1_navigate_to_eCashURL" time="8.136" classname="aml_regression._3_AML_CTR_NonBusinessReports"/>
  <testcase name="_2_store_login" time="10.603" classname="aml_regression._3_AML_CTR_NonBusinessReports"/>
  <testcase name="_3_AMLReportsValidation" time="23.14" classname="aml_regression._3_AML_CTR_NonBusinessReports"/>
  <testcase name="_4_CTRReportsValidation" time="27.474" classname="aml_regression._3_AML_CTR_NonBusinessReports"/>
</testsuite> <!-- Regression Test_AML/CTR -->
