<?xml version="1.0" encoding="UTF-8"?>
<!-- Generated by org.testng.reporters.JUnitXMLReporter -->
<testsuite hostname="GARIMA7LT" name="Regression Test_VA_LOC_Part1" tests="37" failures="1" timestamp="27 Jun 2017 14:28:42 GMT" time="1425.515" errors="0">
  <testcase name="_1_navigate_to_eCashURL" time="26.036" classname="virginia_regression._1_Create_LOC_ThreshholdMaxAmount_Credit"/>
  <testcase name="_2_teller_login" time="25.478" classname="virginia_regression._1_Create_LOC_ThreshholdMaxAmount_Credit"/>
  <testcase name="_3_newcustomer_Creation" time="32.516" classname="virginia_regression._1_Create_LOC_ThreshholdMaxAmount_Credit"/>
  <testcase name="_4_LOC_creation_ThreshholdDraw" time="557.548" classname="virginia_regression._1_Create_LOC_ThreshholdMaxAmount_Credit"/>
  <testcase name="_5_log_out" time="4.047" classname="virginia_regression._1_Create_LOC_ThreshholdMaxAmount_Credit"/>
  <testcase name="_1_navigate_to_eCashURL" time="27.756" classname="virginia_regression._2_Verify_LOC_RPAmt_Draw_100_to_5000"/>
  <testcase name="_2_teller_login" time="23.478" classname="virginia_regression._2_Verify_LOC_RPAmt_Draw_100_to_5000"/>
  <testcase name="_3_newcustomer_Creation" time="25.208" classname="virginia_regression._2_Verify_LOC_RPAmt_Draw_100_to_5000"/>
  <testcase name="_4_newLOC_creation_CdtLimitof5000" time="15.423" classname="virginia_regression._2_Verify_LOC_RPAmt_Draw_100_to_5000"/>
  <testcase name="_5_LOC_draw_100to5000" time="391.271" classname="virginia_regression._2_Verify_LOC_RPAmt_Draw_100_to_5000"/>
  <testcase name="_6_log_out" time="4.583" classname="virginia_regression._2_Verify_LOC_RPAmt_Draw_100_to_5000"/>
  <testcase name="_1_navigate_to_eCashURL" time="7.469" classname="virginia_regression._3_Verify_LOC_RPPay_Draw_Cdt_Eql"/>
  <testcase name="_2_teller_login" time="23.327" classname="virginia_regression._3_Verify_LOC_RPPay_Draw_Cdt_Eql"/>
  <testcase name="_3_LOC_RPDraw_equals_Credit" time="24.368" classname="virginia_regression._3_Verify_LOC_RPPay_Draw_Cdt_Eql">
    <failure type="org.junit.ComparisonFailure" message="expected:&amp;lt;[1]5.00&amp;gt; but was:&amp;lt;[]5.00&amp;gt;">
      <![CDATA[org.junit.ComparisonFailure: expected:<[1]5.00> but was:<[]5.00>
	at org.junit.Assert.assertEquals(Assert.java:115)
	at org.junit.Assert.assertEquals(Assert.java:144)
	at virginia_regression._3_Verify_LOC_RPPay_Draw_Cdt_Eql._3_LOC_RPDraw_equals_Credit(_3_Verify_LOC_RPPay_Draw_Cdt_Eql.java:316)
... Removed 24 stack frames]]>
    </failure>
  </testcase> <!-- _3_LOC_RPDraw_equals_Credit -->
  <testcase name="_4_log_out" time="5.504" classname="virginia_regression._3_Verify_LOC_RPPay_Draw_Cdt_Eql"/>
  <testcase name="_1_navigate_to_eCashURL" time="8.522" classname="virginia_regression._4_Verify_Available_Credit_PostRP_disenrollment"/>
  <testcase name="_2_admin_login" time="14.563" classname="virginia_regression._4_Verify_Available_Credit_PostRP_disenrollment"/>
  <testcase name="_3_store_login" time="9.877" classname="virginia_regression._4_Verify_Available_Credit_PostRP_disenrollment"/>
  <testcase name="_4_RapidPay_disenrollment" time="26.716" classname="virginia_regression._4_Verify_Available_Credit_PostRP_disenrollment"/>
  <testcase name="_5_void_loan" time="3.812" classname="virginia_regression._4_Verify_Available_Credit_PostRP_disenrollment"/>
  <testcase name="_6_log_out_admin" time="8.23" classname="virginia_regression._4_Verify_Available_Credit_PostRP_disenrollment"/>
  <testcase name="_7_log_out_teller" time="3.555" classname="virginia_regression._4_Verify_Available_Credit_PostRP_disenrollment"/>
  <testcase name="_1_navigate_to_eCashURL" time="7.996" classname="virginia_regression._5_IncreaseCreditLimit"/>
  <testcase name="_2_teller_login" time="9.457" classname="virginia_regression._5_IncreaseCreditLimit"/>
  <testcase name="_3_newLOCcreation_$100initialCreditLimit" time="21.731" classname="virginia_regression._5_IncreaseCreditLimit"/>
  <testcase name="_4_increaseCreditLimittoMaximumAmount" time="15.546" classname="virginia_regression._5_IncreaseCreditLimit"/>
  <testcase name="_5_void_loan" time="3.483" classname="virginia_regression._5_IncreaseCreditLimit"/>
  <testcase name="_6_log_out" time="1.039" classname="virginia_regression._5_IncreaseCreditLimit"/>
  <testcase name="_1_navigate_to_eCashteller" time="10.757" classname="virginia_regression._6_DecreaseCreditLimit"/>
  <testcase name="_2_teller_login" time="12.815" classname="virginia_regression._6_DecreaseCreditLimit"/>
  <testcase name="_3_newLOCcreation_$5000initialCreditLimit" time="19.603" classname="virginia_regression._6_DecreaseCreditLimit"/>
  <testcase name="_4_log_out_teller" time="4.556" classname="virginia_regression._6_DecreaseCreditLimit"/>
  <testcase name="_5_navigate_to_eCash_as_Admin" time="12.03" classname="virginia_regression._6_DecreaseCreditLimit"/>
  <testcase name="_6_admin_login" time="9.652" classname="virginia_regression._6_DecreaseCreditLimit"/>
  <testcase name="_7_decreaseCreditLimittoMinimumAmount" time="21.361" classname="virginia_regression._6_DecreaseCreditLimit"/>
  <testcase name="_8_void_loan" time="5.083" classname="virginia_regression._6_DecreaseCreditLimit"/>
  <testcase name="_9_log_out" time="1.033" classname="virginia_regression._6_DecreaseCreditLimit"/>
</testsuite> <!-- Regression Test_VA_LOC_Part1 -->
