# JRE version: Java(TM) SE Runtime Environment (8.0_121-b13) (build 1.8.0_121-b13)
# Java VM: Java HotSpot(TM) 64-Bit Server VM (25.121-b13 mixed mode windows-amd64 compressed oops)
Heap:
 PSYoungGen      total 76288K, used 22226K [0x000000076b400000, 0x0000000770900000, 0x00000007c0000000)
  eden space 65536K, 33% used [0x000000076b400000,0x000000076c924830,0x000000076f400000)
  from space 10752K, 5% used [0x000000076f400000,0x000000076f490000,0x000000076fe80000)
  to   space 10752K, 0% used [0x000000076fe80000,0x000000076fe80000,0x0000000770900000)
 ParOldGen       total 74240K, used 7888K [0x00000006c1c00000, 0x00000006c6480000, 0x000000076b400000)
  object space 74240K, 10% used [0x00000006c1c00000,0x00000006c23b4110,0x00000006c6480000)
 Metaspace       used 21868K, capacity 22126K, committed 22448K, reserved 1069056K
  class space    used 2608K, capacity 2719K, committed 2816K, reserved 1048576K
GC Heap History (8 events):
Event: 5.995 GC heap before
{Heap before GC invocations=1 (full 0):
 PSYoungGen      total 76288K, used 65536K [0x000000076b400000, 0x0000000770900000, 0x00000007c0000000)
  eden space 65536K, 100% used [0x000000076b400000,0x000000076f400000,0x000000076f400000)
  from space 10752K, 0% used [0x000000076fe80000,0x000000076fe80000,0x0000000770900000)
  to   space 10752K, 0% used [0x000000076f400000,0x000000076f400000,0x000000076fe80000)
 ParOldGen       total 175104K, used 0K [0x00000006c1c00000, 0x00000006cc700000, 0x000000076b400000)
  object space 175104K, 0% used [0x00000006c1c00000,0x00000006c1c00000,0x00000006cc700000)
 Metaspace       used 16625K, capacity 16896K, committed 17152K, reserved 1064960K
  class space    used 2129K, capacity 2226K, committed 2304K, reserved 1048576K
Event: 6.008 GC heap after
Heap after GC invocations=1 (full 0):
 PSYoungGen      total 76288K, used 10743K [0x000000076b400000, 0x0000000770900000, 0x00000007c0000000)
  eden space 65536K, 0% used [0x000000076b400000,0x000000076b400000,0x000000076f400000)
  from space 10752K, 99% used [0x000000076f400000,0x000000076fe7dfe0,0x000000076fe80000)
  to   space 10752K, 0% used [0x000000076fe80000,0x000000076fe80000,0x0000000770900000)
 ParOldGen       total 175104K, used 495K [0x00000006c1c00000, 0x00000006cc700000, 0x000000076b400000)
  object space 175104K, 0% used [0x00000006c1c00000,0x00000006c1c7bf18,0x00000006cc700000)
 Metaspace       used 16625K, capacity 16896K, committed 17152K, reserved 1064960K
  class space    used 2129K, capacity 2226K, committed 2304K, reserved 1048576K
}
Event: 50.818 GC heap before
{Heap before GC invocations=2 (full 0):
 PSYoungGen      total 76288K, used 47402K [0x000000076b400000, 0x0000000770900000, 0x00000007c0000000)
  eden space 65536K, 55% used [0x000000076b400000,0x000000076d7cc958,0x000000076f400000)
  from space 10752K, 99% used [0x000000076f400000,0x000000076fe7dfe0,0x000000076fe80000)
  to   space 10752K, 0% used [0x000000076fe80000,0x000000076fe80000,0x0000000770900000)
 ParOldGen       total 175104K, used 495K [0x00000006c1c00000, 0x00000006cc700000, 0x000000076b400000)
  object space 175104K, 0% used [0x00000006c1c00000,0x00000006c1c7bf18,0x00000006cc700000)
 Metaspace       used 20961K, capacity 21186K, committed 21296K, reserved 1069056K
  class space    used 2580K, capacity 2685K, committed 2688K, reserved 1048576K
Event: 50.827 GC heap after
Heap after GC invocations=2 (full 0):
 PSYoungGen      total 76288K, used 7947K [0x000000076b400000, 0x0000000770900000, 0x00000007c0000000)
  eden space 65536K, 0% used [0x000000076b400000,0x000000076b400000,0x000000076f400000)
  from space 10752K, 73% used [0x000000076fe80000,0x0000000770642f78,0x0000000770900000)
  to   space 10752K, 0% used [0x000000076f400000,0x000000076f400000,0x000000076fe80000)
 ParOldGen       total 175104K, used 511K [0x00000006c1c00000, 0x00000006cc700000, 0x000000076b400000)
  object space 175104K, 0% used [0x00000006c1c00000,0x00000006c1c7ff18,0x00000006cc700000)
 Metaspace       used 20961K, capacity 21186K, committed 21296K, reserved 1069056K
  class space    used 2580K, capacity 2685K, committed 2688K, reserved 1048576K
}
Event: 50.827 GC heap before
{Heap before GC invocations=3 (full 1):
 PSYoungGen      total 76288K, used 7947K [0x000000076b400000, 0x0000000770900000, 0x00000007c0000000)
  eden space 65536K, 0% used [0x000000076b400000,0x000000076b400000,0x000000076f400000)
  from space 10752K, 73% used [0x000000076fe80000,0x0000000770642f78,0x0000000770900000)
  to   space 10752K, 0% used [0x000000076f400000,0x000000076f400000,0x000000076fe80000)
 ParOldGen       total 175104K, used 511K [0x00000006c1c00000, 0x00000006cc700000, 0x000000076b400000)
  object space 175104K, 0% used [0x00000006c1c00000,0x00000006c1c7ff18,0x00000006cc700000)
 Metaspace       used 20961K, capacity 21186K, committed 21296K, reserved 1069056K
  class space    used 2580K, capacity 2685K, committed 2688K, reserved 1048576K
Event: 50.858 GC heap after
Heap after GC invocations=3 (full 1):
 PSYoungGen      total 76288K, used 0K [0x000000076b400000, 0x0000000770900000, 0x00000007c0000000)
  eden space 65536K, 0% used [0x000000076b400000,0x000000076b400000,0x000000076f400000)
  from space 10752K, 0% used [0x000000076fe80000,0x000000076fe80000,0x0000000770900000)
  to   space 10752K, 0% used [0x000000076f400000,0x000000076f400000,0x000000076fe80000)
 ParOldGen       total 74240K, used 7880K [0x00000006c1c00000, 0x00000006c6480000, 0x000000076b400000)
  object space 74240K, 10% used [0x00000006c1c00000,0x00000006c23b2110,0x00000006c6480000)
 Metaspace       used 20961K, capacity 21186K, committed 21296K, reserved 1069056K
  class space    used 2580K, capacity 2685K, committed 2688K, reserved 1048576K
}
Event: 164.253 GC heap before
{Heap before GC invocations=4 (full 1):
 PSYoungGen      total 76288K, used 65536K [0x000000076b400000, 0x0000000770900000, 0x00000007c0000000)
  eden space 65536K, 100% used [0x000000076b400000,0x000000076f400000,0x000000076f400000)
  from space 10752K, 0% used [0x000000076fe80000,0x000000076fe80000,0x0000000770900000)
  to   space 10752K, 0% used [0x000000076f400000,0x000000076f400000,0x000000076fe80000)
 ParOldGen       total 74240K, used 7880K [0x00000006c1c00000, 0x00000006c6480000, 0x000000076b400000)
  object space 74240K, 10% used [0x00000006c1c00000,0x00000006c23b2110,0x00000006c6480000)
 Metaspace       used 21684K, capacity 21966K, committed 22064K, reserved 1069056K
  class space    used 2591K, capacity 2687K, committed 2688K, reserved 1048576K
Event: 164.257 GC heap after
Heap after GC invocations=4 (full 1):
 PSYoungGen      total 76288K, used 576K [0x000000076b400000, 0x0000000770900000, 0x00000007c0000000)
  eden space 65536K, 0% used [0x000000076b400000,0x000000076b400000,0x000000076f400000)
  from space 10752K, 5% used [0x000000076f400000,0x000000076f490000,0x000000076fe80000)
  to   space 10752K, 0% used [0x000000076fe80000,0x000000076fe80000,0x0000000770900000)
 ParOldGen       total 74240K, used 7888K [0x00000006c1c00000, 0x00000006c6480000, 0x000000076b400000)
  object space 74240K, 10% used [0x00000006c1c00000,0x00000006c23b4110,0x00000006c6480000)
 Metaspace       used 21684K, capacity 21966K, committed 22064K, reserved 1069056K
  class space    used 2591K, capacity 2687K, committed 2688K, reserved 1048576K
}

